{"C:\\Users\\tcpladmin\\Desktop\\parking\\App.tsx": {"path":"C:\\Users\\tcpladmin\\Desktop\\parking\\App.tsx","statementMap":{"0":{"start":{"line":5,"column":12},"end":{"line":9,"column":1}},"1":{"start":{"line":6,"column":2},"end":{"line":8,"column":3}}},"fnMap":{"0":{"name":"(anonymous_0)","decl":{"start":{"line":5,"column":12},"end":{"line":5,"column":13}},"loc":{"start":{"line":5,"column":18},"end":{"line":9,"column":1}},"line":5}},"branchMap":{},"s":{"0":1,"1":1},"f":{"0":1},"b":{},"_coverageSchema":"1a1c01bbd47fc00a2c39e90264f33305004495a9","hash":"23e348d481e88b8a861e8a40c601416701c10e52"}
,"C:\\Users\\tcpladmin\\Desktop\\parking\\src\\CButton.tsx": {"path":"C:\\Users\\tcpladmin\\Desktop\\parking\\src\\CButton.tsx","statementMap":{"0":{"start":{"line":5,"column":23},"end":{"line":19,"column":1}},"1":{"start":{"line":6,"column":2},"end":{"line":18,"column":4}}},"fnMap":{"0":{"name":"(anonymous_0)","decl":{"start":{"line":5,"column":23},"end":{"line":5,"column":24}},"loc":{"start":{"line":5,"column":39},"end":{"line":19,"column":1}},"line":5}},"branchMap":{},"s":{"0":3,"1":7},"f":{"0":7},"b":{},"_coverageSchema":"1a1c01bbd47fc00a2c39e90264f33305004495a9","hash":"672fe9c951835814bcb9b84ab24cd381840b1739"}
,"C:\\Users\\tcpladmin\\Desktop\\parking\\src\\Home.tsx": {"path":"C:\\Users\\tcpladmin\\Desktop\\parking\\src\\Home.tsx","statementMap":{"0":{"start":{"line":15,"column":20},"end":{"line":253,"column":1}},"1":{"start":{"line":16,"column":30},"end":{"line":16,"column":47}},"2":{"start":{"line":17,"column":42},"end":{"line":17,"column":59}},"3":{"start":{"line":18,"column":40},"end":{"line":18,"column":57}},"4":{"start":{"line":19,"column":48},"end":{"line":19,"column":62}},"5":{"start":{"line":20,"column":36},"end":{"line":20,"column":51}},"6":{"start":{"line":21,"column":36},"end":{"line":21,"column":47}},"7":{"start":{"line":22,"column":38},"end":{"line":22,"column":57}},"8":{"start":{"line":197,"column":2},"end":{"line":252,"column":4}}},"fnMap":{"0":{"name":"(anonymous_0)","decl":{"start":{"line":15,"column":20},"end":{"line":15,"column":21}},"loc":{"start":{"line":15,"column":26},"end":{"line":253,"column":1}},"line":15}},"branchMap":{"0":{"loc":{"start":{"line":219,"column":7},"end":{"line":243,"column":7}},"type":"binary-expr","locations":[{"start":{"line":219,"column":7},"end":{"line":219,"column":29}}],"line":219}},"s":{"0":2,"1":2,"2":2,"3":2,"4":2,"5":2,"6":2,"7":2,"8":2},"f":{"0":2},"b":{"0":[2]},"_coverageSchema":"1a1c01bbd47fc00a2c39e90264f33305004495a9","hash":"043d23ef63049c72bfd2422a9c053d098d5c415b"}
}
