TN:
SF:App.tsx
FN:5,(anonymous_0)
FNF:1
FNH:1
FNDA:1,(anonymous_0)
DA:5,1
DA:6,1
LF:2
LH:2
BRF:0
BRH:0
end_of_record
TN:
SF:src\CButton.tsx
FN:5,(anonymous_0)
FNF:1
FNH:1
FNDA:9,(anonymous_0)
DA:5,3
DA:6,9
LF:2
LH:2
BRF:0
BRH:0
end_of_record
TN:
SF:src\Home.tsx
FN:15,(anonymous_0)
FN:180,(anonymous_1)
FN:185,(anonymous_2)
FNF:3
FNH:1
FNDA:2,(anonymous_0)
FNDA:0,(anonymous_1)
FNDA:0,(anonymous_2)
DA:15,2
DA:16,2
DA:17,2
DA:18,2
DA:19,2
DA:20,2
DA:21,2
DA:22,2
DA:174,2
DA:180,0
DA:185,0
LF:11
LH:9
BRF:0
BRH:0
end_of_record
